0 info it worked if it ends with ok
1 verbose cli [ 'C:\\Program Files\\nodejs\\node.exe',
1 verbose cli   'C:\\Program Files\\nodejs\\node_modules\\npm\\bin\\npm-cli.js',
1 verbose cli   '-g',
1 verbose cli   'install',
1 verbose cli   'grunt/cli' ]
2 info using npm@3.10.10
3 info using node@v6.9.5
4 silly loadCurrentTree Starting
5 silly install loadCurrentTree
6 silly install readGlobalPackageData
7 silly fetchPackageMetaData grunt/cli
8 silly fetchOtherPackageData grunt/cli
9 silly cache add args [ 'grunt/cli', null ]
10 verbose cache add spec grunt/cli
11 silly cache add parsed spec Result {
11 silly cache add   raw: 'grunt/cli',
11 silly cache add   scope: null,
11 silly cache add   escapedName: null,
11 silly cache add   name: null,
11 silly cache add   rawSpec: 'grunt/cli',
11 silly cache add   spec: 'github:grunt/cli',
11 silly cache add   type: 'hosted',
11 silly cache add   hosted:
11 silly cache add    { type: 'github',
11 silly cache add      ssh: 'git@github.com:grunt/cli.git',
11 silly cache add      sshUrl: 'git+ssh://git@github.com/grunt/cli.git',
11 silly cache add      httpsUrl: 'git+https://github.com/grunt/cli.git',
11 silly cache add      gitUrl: 'git://github.com/grunt/cli.git',
11 silly cache add      shortcut: 'github:grunt/cli',
11 silly cache add      directUrl: 'https://raw.githubusercontent.com/grunt/cli/master/package.json' } }
12 verbose addRemoteGit caching grunt/cli
13 verbose addRemoteGit grunt/cli is a repository hosted by github
14 silly tryGitProto attempting to clone git://github.com/grunt/cli.git
15 silly tryClone cloning grunt/cli via git://github.com/grunt/cli.git
16 verbose tryClone git-github-com-grunt-cli-git-9b76fd97 not in flight; caching
17 verbose correctMkdir C:\Users\RAMI\AppData\Roaming\npm-cache\_git-remotes correctMkdir not in flight; initializing
18 info git [ 'config', '--get', 'remote.origin.url' ]
19 warn addRemoteGit Error: Command failed: git -c core.longpaths=true config --get remote.origin.url
19 warn addRemoteGit
19 warn addRemoteGit     at ChildProcess.exithandler (child_process.js:206:12)
19 warn addRemoteGit     at emitTwo (events.js:106:13)
19 warn addRemoteGit     at ChildProcess.emit (events.js:191:7)
19 warn addRemoteGit     at maybeClose (internal/child_process.js:877:16)
19 warn addRemoteGit     at Socket.<anonymous> (internal/child_process.js:334:11)
19 warn addRemoteGit     at emitOne (events.js:96:13)
19 warn addRemoteGit     at Socket.emit (events.js:188:7)
19 warn addRemoteGit     at Pipe._handle.close [as _onclose] (net.js:498:12)
19 warn addRemoteGit  grunt/cli resetting remote C:\Users\RAMI\AppData\Roaming\npm-cache\_git-remotes\git-github-com-grunt-cli-git-9b76fd97 because of error: { Error: Command failed: git -c core.longpaths=true config --get remote.origin.url
19 warn addRemoteGit
19 warn addRemoteGit     at ChildProcess.exithandler (child_process.js:206:12)
19 warn addRemoteGit     at emitTwo (events.js:106:13)
19 warn addRemoteGit     at ChildProcess.emit (events.js:191:7)
19 warn addRemoteGit     at maybeClose (internal/child_process.js:877:16)
19 warn addRemoteGit     at Socket.<anonymous> (internal/child_process.js:334:11)
19 warn addRemoteGit     at emitOne (events.js:96:13)
19 warn addRemoteGit     at Socket.emit (events.js:188:7)
19 warn addRemoteGit     at Pipe._handle.close [as _onclose] (net.js:498:12)
19 warn addRemoteGit   killed: false,
19 warn addRemoteGit   code: 1,
19 warn addRemoteGit   signal: null,
19 warn addRemoteGit   cmd: 'git -c core.longpaths=true config --get remote.origin.url' }
20 info resetRemote resetting C:\Users\RAMI\AppData\Roaming\npm-cache\_git-remotes\git-github-com-grunt-cli-git-9b76fd97 for grunt/cli
21 silly gentlyRm C:\Users\RAMI\AppData\Roaming\npm-cache\_git-remotes\git-github-com-grunt-cli-git-9b76fd97 is being purged
22 verbose gentlyRm don't care about contents; nuking C:\Users\RAMI\AppData\Roaming\npm-cache\_git-remotes\git-github-com-grunt-cli-git-9b76fd97
23 silly vacuum-fs purging C:\Users\RAMI\AppData\Roaming\npm-cache\_git-remotes\git-github-com-grunt-cli-git-9b76fd97
24 silly vacuum-fs quitting because other entries in C:\Users\RAMI\AppData\Roaming\npm-cache\_git-remotes
25 info git [ 'clone',
25 info git   '--template=C:\\Users\\RAMI\\AppData\\Roaming\\npm-cache\\_git-remotes\\_templates',
25 info git   '--mirror',
25 info git   'git://github.com/grunt/cli.git',
25 info git   'C:\\Users\\RAMI\\AppData\\Roaming\\npm-cache\\_git-remotes\\git-github-com-grunt-cli-git-9b76fd97' ]
26 error git clone --template=C:\Users\RAMI\AppData\Roaming\npm-cache\_git-remotes\_templates --mirror git://github.com/grunt/cli.git C:\Users\RAMI\AppData\Roaming\npm-cache\_git-remotes\git-github-com-grunt-cli-git-9b76fd97: Cloning into bare repository 'C:\Users\RAMI\AppData\Roaming\npm-cache\_git-remotes\git-github-com-grunt-cli-git-9b76fd97'...
26 error git clone --template=C:\Users\RAMI\AppData\Roaming\npm-cache\_git-remotes\_templates --mirror git://github.com/grunt/cli.git C:\Users\RAMI\AppData\Roaming\npm-cache\_git-remotes\git-github-com-grunt-cli-git-9b76fd97: fatal: remote error:
26 error git clone --template=C:\Users\RAMI\AppData\Roaming\npm-cache\_git-remotes\_templates --mirror git://github.com/grunt/cli.git C:\Users\RAMI\AppData\Roaming\npm-cache\_git-remotes\git-github-com-grunt-cli-git-9b76fd97:   Repository not found.
27 silly tryHTTPS attempting to clone git+https://github.com/grunt/cli.git
28 silly tryClone cloning grunt/cli via git+https://github.com/grunt/cli.git
29 verbose tryClone git-https-github-com-grunt-cli-git-ebb19e6e not in flight; caching
30 verbose correctMkdir C:\Users\RAMI\AppData\Roaming\npm-cache\_git-remotes correctMkdir not in flight; initializing
31 info git [ 'config', '--get', 'remote.origin.url' ]
32 warn addRemoteGit Error: Command failed: git -c core.longpaths=true config --get remote.origin.url
32 warn addRemoteGit
32 warn addRemoteGit     at ChildProcess.exithandler (child_process.js:206:12)
32 warn addRemoteGit     at emitTwo (events.js:106:13)
32 warn addRemoteGit     at ChildProcess.emit (events.js:191:7)
32 warn addRemoteGit     at maybeClose (internal/child_process.js:877:16)
32 warn addRemoteGit     at Process.ChildProcess._handle.onexit (internal/child_process.js:226:5)
32 warn addRemoteGit  grunt/cli resetting remote C:\Users\RAMI\AppData\Roaming\npm-cache\_git-remotes\git-https-github-com-grunt-cli-git-ebb19e6e because of error: { Error: Command failed: git -c core.longpaths=true config --get remote.origin.url
32 warn addRemoteGit
32 warn addRemoteGit     at ChildProcess.exithandler (child_process.js:206:12)
32 warn addRemoteGit     at emitTwo (events.js:106:13)
32 warn addRemoteGit     at ChildProcess.emit (events.js:191:7)
32 warn addRemoteGit     at maybeClose (internal/child_process.js:877:16)
32 warn addRemoteGit     at Process.ChildProcess._handle.onexit (internal/child_process.js:226:5)
32 warn addRemoteGit   killed: false,
32 warn addRemoteGit   code: 1,
32 warn addRemoteGit   signal: null,
32 warn addRemoteGit   cmd: 'git -c core.longpaths=true config --get remote.origin.url' }
33 info resetRemote resetting C:\Users\RAMI\AppData\Roaming\npm-cache\_git-remotes\git-https-github-com-grunt-cli-git-ebb19e6e for grunt/cli
34 silly gentlyRm C:\Users\RAMI\AppData\Roaming\npm-cache\_git-remotes\git-https-github-com-grunt-cli-git-ebb19e6e is being purged
35 verbose gentlyRm don't care about contents; nuking C:\Users\RAMI\AppData\Roaming\npm-cache\_git-remotes\git-https-github-com-grunt-cli-git-ebb19e6e
36 silly vacuum-fs purging C:\Users\RAMI\AppData\Roaming\npm-cache\_git-remotes\git-https-github-com-grunt-cli-git-ebb19e6e
37 silly vacuum-fs quitting because other entries in C:\Users\RAMI\AppData\Roaming\npm-cache\_git-remotes
38 info git [ 'clone',
38 info git   '--template=C:\\Users\\RAMI\\AppData\\Roaming\\npm-cache\\_git-remotes\\_templates',
38 info git   '--mirror',
38 info git   'https://github.com/grunt/cli.git',
38 info git   'C:\\Users\\RAMI\\AppData\\Roaming\\npm-cache\\_git-remotes\\git-https-github-com-grunt-cli-git-ebb19e6e' ]
39 error git clone --template=C:\Users\RAMI\AppData\Roaming\npm-cache\_git-remotes\_templates --mirror https://github.com/grunt/cli.git C:\Users\RAMI\AppData\Roaming\npm-cache\_git-remotes\git-https-github-com-grunt-cli-git-ebb19e6e: Cloning into bare repository 'C:\Users\RAMI\AppData\Roaming\npm-cache\_git-remotes\git-https-github-com-grunt-cli-git-ebb19e6e'...
39 error git clone --template=C:\Users\RAMI\AppData\Roaming\npm-cache\_git-remotes\_templates --mirror https://github.com/grunt/cli.git C:\Users\RAMI\AppData\Roaming\npm-cache\_git-remotes\git-https-github-com-grunt-cli-git-ebb19e6e: remote: Repository not found.
39 error git clone --template=C:\Users\RAMI\AppData\Roaming\npm-cache\_git-remotes\_templates --mirror https://github.com/grunt/cli.git C:\Users\RAMI\AppData\Roaming\npm-cache\_git-remotes\git-https-github-com-grunt-cli-git-ebb19e6e: fatal: repository 'https://github.com/grunt/cli.git/' not found
40 silly trySSH attempting to clone git@github.com:grunt/cli.git
41 silly tryClone cloning grunt/cli via git@github.com:grunt/cli.git
42 verbose tryClone git-github-com-grunt-cli-git-02dd44c8 not in flight; caching
43 verbose correctMkdir C:\Users\RAMI\AppData\Roaming\npm-cache\_git-remotes correctMkdir not in flight; initializing
44 info git [ 'config', '--get', 'remote.origin.url' ]
45 warn addRemoteGit Error: Command failed: git -c core.longpaths=true config --get remote.origin.url
45 warn addRemoteGit
45 warn addRemoteGit     at ChildProcess.exithandler (child_process.js:206:12)
45 warn addRemoteGit     at emitTwo (events.js:106:13)
45 warn addRemoteGit     at ChildProcess.emit (events.js:191:7)
45 warn addRemoteGit     at maybeClose (internal/child_process.js:877:16)
45 warn addRemoteGit     at Process.ChildProcess._handle.onexit (internal/child_process.js:226:5)
45 warn addRemoteGit  grunt/cli resetting remote C:\Users\RAMI\AppData\Roaming\npm-cache\_git-remotes\git-github-com-grunt-cli-git-02dd44c8 because of error: { Error: Command failed: git -c core.longpaths=true config --get remote.origin.url
45 warn addRemoteGit
45 warn addRemoteGit     at ChildProcess.exithandler (child_process.js:206:12)
45 warn addRemoteGit     at emitTwo (events.js:106:13)
45 warn addRemoteGit     at ChildProcess.emit (events.js:191:7)
45 warn addRemoteGit     at maybeClose (internal/child_process.js:877:16)
45 warn addRemoteGit     at Process.ChildProcess._handle.onexit (internal/child_process.js:226:5)
45 warn addRemoteGit   killed: false,
45 warn addRemoteGit   code: 1,
45 warn addRemoteGit   signal: null,
45 warn addRemoteGit   cmd: 'git -c core.longpaths=true config --get remote.origin.url' }
46 info resetRemote resetting C:\Users\RAMI\AppData\Roaming\npm-cache\_git-remotes\git-github-com-grunt-cli-git-02dd44c8 for grunt/cli
47 silly gentlyRm C:\Users\RAMI\AppData\Roaming\npm-cache\_git-remotes\git-github-com-grunt-cli-git-02dd44c8 is being purged
48 verbose gentlyRm don't care about contents; nuking C:\Users\RAMI\AppData\Roaming\npm-cache\_git-remotes\git-github-com-grunt-cli-git-02dd44c8
49 silly vacuum-fs purging C:\Users\RAMI\AppData\Roaming\npm-cache\_git-remotes\git-github-com-grunt-cli-git-02dd44c8
50 silly vacuum-fs quitting because other entries in C:\Users\RAMI\AppData\Roaming\npm-cache\_git-remotes
51 info git [ 'clone',
51 info git   '--template=C:\\Users\\RAMI\\AppData\\Roaming\\npm-cache\\_git-remotes\\_templates',
51 info git   '--mirror',
51 info git   'git@github.com:grunt/cli.git',
51 info git   'C:\\Users\\RAMI\\AppData\\Roaming\\npm-cache\\_git-remotes\\git-github-com-grunt-cli-git-02dd44c8' ]
52 error git clone --template=C:\Users\RAMI\AppData\Roaming\npm-cache\_git-remotes\_templates --mirror git@github.com:grunt/cli.git C:\Users\RAMI\AppData\Roaming\npm-cache\_git-remotes\git-github-com-grunt-cli-git-02dd44c8: Cloning into bare repository 'C:\Users\RAMI\AppData\Roaming\npm-cache\_git-remotes\git-github-com-grunt-cli-git-02dd44c8'...
52 error git clone --template=C:\Users\RAMI\AppData\Roaming\npm-cache\_git-remotes\_templates --mirror git@github.com:grunt/cli.git C:\Users\RAMI\AppData\Roaming\npm-cache\_git-remotes\git-github-com-grunt-cli-git-02dd44c8: Host key verification failed.
52 error git clone --template=C:\Users\RAMI\AppData\Roaming\npm-cache\_git-remotes\_templates --mirror git@github.com:grunt/cli.git C:\Users\RAMI\AppData\Roaming\npm-cache\_git-remotes\git-github-com-grunt-cli-git-02dd44c8: fatal: Could not read from remote repository.
52 error git clone --template=C:\Users\RAMI\AppData\Roaming\npm-cache\_git-remotes\_templates --mirror git@github.com:grunt/cli.git C:\Users\RAMI\AppData\Roaming\npm-cache\_git-remotes\git-github-com-grunt-cli-git-02dd44c8:
52 error git clone --template=C:\Users\RAMI\AppData\Roaming\npm-cache\_git-remotes\_templates --mirror git@github.com:grunt/cli.git C:\Users\RAMI\AppData\Roaming\npm-cache\_git-remotes\git-github-com-grunt-cli-git-02dd44c8: Please make sure you have the correct access rights
52 error git clone --template=C:\Users\RAMI\AppData\Roaming\npm-cache\_git-remotes\_templates --mirror git@github.com:grunt/cli.git C:\Users\RAMI\AppData\Roaming\npm-cache\_git-remotes\git-github-com-grunt-cli-git-02dd44c8: and the repository exists.
53 silly fetchPackageMetaData Error: Command failed: git -c core.longpaths=true clone --template=C:\Users\RAMI\AppData\Roaming\npm-cache\_git-remotes\_templates --mirror git@github.com:grunt/cli.git C:\Users\RAMI\AppData\Roaming\npm-cache\_git-remotes\git-github-com-grunt-cli-git-02dd44c8
53 silly fetchPackageMetaData Cloning into bare repository 'C:\Users\RAMI\AppData\Roaming\npm-cache\_git-remotes\git-github-com-grunt-cli-git-02dd44c8'...
53 silly fetchPackageMetaData Host key verification failed.
53 silly fetchPackageMetaData fatal: Could not read from remote repository.
53 silly fetchPackageMetaData
53 silly fetchPackageMetaData Please make sure you have the correct access rights
53 silly fetchPackageMetaData and the repository exists.
53 silly fetchPackageMetaData
53 silly fetchPackageMetaData     at ChildProcess.exithandler (child_process.js:206:12)
53 silly fetchPackageMetaData     at emitTwo (events.js:106:13)
53 silly fetchPackageMetaData     at ChildProcess.emit (events.js:191:7)
53 silly fetchPackageMetaData     at maybeClose (internal/child_process.js:877:16)
53 silly fetchPackageMetaData     at Process.ChildProcess._handle.onexit (internal/child_process.js:226:5)
53 silly fetchPackageMetaData  error for grunt/cli { Error: Command failed: git -c core.longpaths=true clone --template=C:\Users\RAMI\AppData\Roaming\npm-cache\_git-remotes\_templates --mirror git@github.com:grunt/cli.git C:\Users\RAMI\AppData\Roaming\npm-cache\_git-remotes\git-github-com-grunt-cli-git-02dd44c8
53 silly fetchPackageMetaData Cloning into bare repository 'C:\Users\RAMI\AppData\Roaming\npm-cache\_git-remotes\git-github-com-grunt-cli-git-02dd44c8'...
53 silly fetchPackageMetaData Host key verification failed.
53 silly fetchPackageMetaData fatal: Could not read from remote repository.
53 silly fetchPackageMetaData
53 silly fetchPackageMetaData Please make sure you have the correct access rights
53 silly fetchPackageMetaData and the repository exists.
53 silly fetchPackageMetaData
53 silly fetchPackageMetaData     at ChildProcess.exithandler (child_process.js:206:12)
53 silly fetchPackageMetaData     at emitTwo (events.js:106:13)
53 silly fetchPackageMetaData     at ChildProcess.emit (events.js:191:7)
53 silly fetchPackageMetaData     at maybeClose (internal/child_process.js:877:16)
53 silly fetchPackageMetaData     at Process.ChildProcess._handle.onexit (internal/child_process.js:226:5)
53 silly fetchPackageMetaData   killed: false,
53 silly fetchPackageMetaData   code: 128,
53 silly fetchPackageMetaData   signal: null,
53 silly fetchPackageMetaData   cmd: 'git -c core.longpaths=true clone --template=C:\\Users\\RAMI\\AppData\\Roaming\\npm-cache\\_git-remotes\\_templates --mirror git@github.com:grunt/cli.git C:\\Users\\RAMI\\AppData\\Roaming\\npm-cache\\_git-remotes\\git-github-com-grunt-cli-git-02dd44c8' }
54 silly rollbackFailedOptional Starting
55 silly rollbackFailedOptional Finishing
56 silly runTopLevelLifecycles Finishing
57 silly install printInstalled
58 verbose stack Error: Command failed: git -c core.longpaths=true clone --template=C:\Users\RAMI\AppData\Roaming\npm-cache\_git-remotes\_templates --mirror git@github.com:grunt/cli.git C:\Users\RAMI\AppData\Roaming\npm-cache\_git-remotes\git-github-com-grunt-cli-git-02dd44c8
58 verbose stack Cloning into bare repository 'C:\Users\RAMI\AppData\Roaming\npm-cache\_git-remotes\git-github-com-grunt-cli-git-02dd44c8'...
58 verbose stack Host key verification failed.
58 verbose stack fatal: Could not read from remote repository.
58 verbose stack
58 verbose stack Please make sure you have the correct access rights
58 verbose stack and the repository exists.
58 verbose stack
58 verbose stack     at ChildProcess.exithandler (child_process.js:206:12)
58 verbose stack     at emitTwo (events.js:106:13)
58 verbose stack     at ChildProcess.emit (events.js:191:7)
58 verbose stack     at maybeClose (internal/child_process.js:877:16)
58 verbose stack     at Process.ChildProcess._handle.onexit (internal/child_process.js:226:5)
59 verbose cwd C:\Users\RAMI\WebstormProjects\ui-router-project
60 error Windows_NT 10.0.14393
61 error argv "C:\\Program Files\\nodejs\\node.exe" "C:\\Program Files\\nodejs\\node_modules\\npm\\bin\\npm-cli.js" "-g" "install" "grunt/cli"
62 error node v6.9.5
63 error npm  v3.10.10
64 error code 128
65 error Command failed: git -c core.longpaths=true clone --template=C:\Users\RAMI\AppData\Roaming\npm-cache\_git-remotes\_templates --mirror git@github.com:grunt/cli.git C:\Users\RAMI\AppData\Roaming\npm-cache\_git-remotes\git-github-com-grunt-cli-git-02dd44c8
65 error Cloning into bare repository 'C:\Users\RAMI\AppData\Roaming\npm-cache\_git-remotes\git-github-com-grunt-cli-git-02dd44c8'...
65 error Host key verification failed.
65 error fatal: Could not read from remote repository.
65 error
65 error Please make sure you have the correct access rights
65 error and the repository exists.
66 error If you need help, you may report this error at:
66 error     <https://github.com/npm/npm/issues>
67 verbose exit [ 1, true ]
